<?xml version="1.0" encoding="UTF-8"?>
<testsuite xmlns:xsi="http://www.w3.org/2001/XMLSchema-instance" xsi:noNamespaceSchemaLocation="https://maven.apache.org/surefire/maven-surefire-plugin/xsd/surefire-test-report.xsd" name="com.projetoGerenciamentoCurso.GerenciamentoCurso.Controller.DisciplinaControllerTest" time="3.192" tests="3" errors="0" skipped="0" failures="0">
  <properties>
[...]
</properties>
  <testcase name="atualizarDisciplinaRetornaSucesso" classname="com.projetoGerenciamentoCurso.GerenciamentoCurso.Controller.DisciplinaControllerTest" time="0.174"/>
  <testcase name="criarDisciplinaRetornaSucesso" classname="com.projetoGerenciamentoCurso.GerenciamentoCurso.Controller.DisciplinaControllerTest" time="0.135"/>
  <testcase name="deletarDisciplinaRetornaSucesso" classname="com.projetoGerenciamentoCurso.GerenciamentoCurso.Controller.DisciplinaControllerTest" time="0.405"/>
</testsuite>